<?xml version="1.0" encoding="UTF-8"?>
<!-- Generated by org.testng.reporters.JUnitReportReporter -->
<testsuite hostname="Raj" failures="0" tests="1" name="testcases.RegisterationFormTest" time="10.395" errors="0" timestamp="2025-07-29T16:27:04 IST" skipped="0">
  <testcase classname="testcases.RegisterationFormTest" name="testRegistrationForm" time="10.395"/>
</testsuite> <!-- testcases.RegisterationFormTest -->
